<?xml version="1.0" encoding="UTF-8" ?>
<testsuite failures="0" time="0.986" errors="0" skipped="0" tests="1" name="com.yahoo.ycsb.TestByteIterator">
  <properties>
    <property name="java.runtime.name" value="Java(TM) SE Runtime Environment"/>
    <property name="sun.boot.library.path" value="/usr/lib/jvm/java-1.7.0-oracle-1.7.0.21.x86_64/jre/lib/amd64"/>
    <property name="java.vm.version" value="23.21-b01"/>
    <property name="java.vm.vendor" value="Oracle Corporation"/>
    <property name="java.vendor.url" value="http://java.oracle.com/"/>
    <property name="path.separator" value=":"/>
    <property name="guice.disable.misplaced.annotation.check" value="true"/>
    <property name="java.vm.name" value="Java HotSpot(TM) 64-Bit Server VM"/>
    <property name="file.encoding.pkg" value="sun.io"/>
    <property name="user.country" value="US"/>
    <property name="sun.java.launcher" value="SUN_STANDARD"/>
    <property name="sun.os.patch.level" value="unknown"/>
    <property name="java.vm.specification.name" value="Java Virtual Machine Specification"/>
    <property name="user.dir" value="/chimerahomes/phi/riak_examples/YCSB"/>
    <property name="java.runtime.version" value="1.7.0_21-b11"/>
    <property name="java.awt.graphicsenv" value="sun.awt.X11GraphicsEnvironment"/>
    <property name="java.endorsed.dirs" value="/usr/lib/jvm/java-1.7.0-oracle-1.7.0.21.x86_64/jre/lib/endorsed"/>
    <property name="os.arch" value="amd64"/>
    <property name="java.io.tmpdir" value="/tmp"/>
    <property name="line.separator" value="
"/>
    <property name="java.vm.specification.vendor" value="Oracle Corporation"/>
    <property name="os.name" value="Linux"/>
    <property name="classworlds.conf" value="/chimerahomes/phi/local/src/maven/apache-maven-3.0.4/bin/m2.conf"/>
    <property name="sun.jnu.encoding" value="UTF-8"/>
    <property name="java.library.path" value="/chimerahomes/phi/perf_analysis/dyninst_pkg/dyninst/8.1.1/build-tree/lib:/chimerahomes/phi/perf_analysis/dyninst_pkg/libdwarf/20121130/libdwarf:/chimerahomes/phi/phi/local/src/erlang/R15B01/build-tree/lib:/chimerahomes/phi/numerical/petsc/tao/2.1-p1/linux-gnu/lib:/chimerahomes/phi/numerical/petsc/slepc/3.3-p3/linux-gnu/lib:/chimerahomes/phi/numerical/petsc/3.3-p6/linux-gnu/lib:/usr/lib/gcc/x86_64-redhat-linux6E/4.4.7:/usr/lib/gcc/x86_64-redhat-linux6E/4.4.7/32:/opt/common/cuda/cuda-5.0.35/lib64:/opt/common/cuda/cuda-5.0.35/lib:/chimerahomes/phi/phi/compiler/rose/current/build-tree/lib:/chimerahomes/phi/phi/compiler/rose/boost/1.47.0/build-tree/lib:/chimerahomes/phi/local/src/python/lib_mkl:/usr/lib/jvm/java-1.7.0-oracle.x86_64/jre/jre/lib/amd64/server:/chimerahomes/phi/local/lib64:/chimerahomes/phi/local/lib:/usr/local/lib64:/usr/local/lib:/usr/lib64:/usr/lib:/lib64::/usr/java/packages/lib/amd64:/usr/lib64:/lib64:/lib:/usr/lib"/>
    <property name="java.specification.name" value="Java Platform API Specification"/>
    <property name="java.class.version" value="51.0"/>
    <property name="sun.management.compiler" value="HotSpot 64-Bit Tiered Compilers"/>
    <property name="os.version" value="2.6.32-358.6.1.el6.x86_64"/>
    <property name="user.home" value="/chimerahomes/phi"/>
    <property name="user.timezone" value="US/Eastern"/>
    <property name="java.awt.printerjob" value="sun.print.PSPrinterJob"/>
    <property name="file.encoding" value="UTF-8"/>
    <property name="java.specification.version" value="1.7"/>
    <property name="user.name" value="phi"/>
    <property name="java.class.path" value="/chimerahomes/phi/local/src/maven/apache-maven-3.0.4/boot/plexus-classworlds-2.4.jar"/>
    <property name="java.vm.specification.version" value="1.7"/>
    <property name="sun.arch.data.model" value="64"/>
    <property name="java.home" value="/usr/lib/jvm/java-1.7.0-oracle-1.7.0.21.x86_64/jre"/>
    <property name="sun.java.command" value="org.codehaus.plexus.classworlds.launcher.Launcher clean package"/>
    <property name="java.specification.vendor" value="Oracle Corporation"/>
    <property name="user.language" value="en"/>
    <property name="awt.toolkit" value="sun.awt.X11.XToolkit"/>
    <property name="java.vm.info" value="mixed mode"/>
    <property name="java.version" value="1.7.0_21"/>
    <property name="java.ext.dirs" value="/usr/lib/jvm/java-1.7.0-oracle-1.7.0.21.x86_64/jre/lib/ext:/usr/java/packages/lib/ext"/>
    <property name="securerandom.source" value="file:/dev/./urandom"/>
    <property name="sun.boot.class.path" value="/usr/lib/jvm/java-1.7.0-oracle-1.7.0.21.x86_64/jre/lib/resources.jar:/usr/lib/jvm/java-1.7.0-oracle-1.7.0.21.x86_64/jre/lib/rt.jar:/usr/lib/jvm/java-1.7.0-oracle-1.7.0.21.x86_64/jre/lib/sunrsasign.jar:/usr/lib/jvm/java-1.7.0-oracle-1.7.0.21.x86_64/jre/lib/jsse.jar:/usr/lib/jvm/java-1.7.0-oracle-1.7.0.21.x86_64/jre/lib/jce.jar:/usr/lib/jvm/java-1.7.0-oracle-1.7.0.21.x86_64/jre/lib/charsets.jar:/usr/lib/jvm/java-1.7.0-oracle-1.7.0.21.x86_64/jre/lib/jfr.jar:/usr/lib/jvm/java-1.7.0-oracle-1.7.0.21.x86_64/jre/classes"/>
    <property name="java.vendor" value="Oracle Corporation"/>
    <property name="maven.home" value="/chimerahomes/phi/local/src/maven/apache-maven-3.0.4"/>
    <property name="file.separator" value="/"/>
    <property name="java.vendor.url.bug" value="http://bugreport.sun.com/bugreport/"/>
    <property name="sun.cpu.endian" value="little"/>
    <property name="sun.io.unicode.encoding" value="UnicodeLittle"/>
    <property name="sun.cpu.isalist" value=""/>
  </properties>
  <testcase time="0.011" classname="com.yahoo.ycsb.TestByteIterator" name="testRandomByteIterator"/>
</testsuite>